Started GET "/" for ::1 at 2022-08-05 12:23:27 +0530
  [1m[35m (7.2ms)[0m  [1m[34mSELECT sqlite_version(*)[0m
Processing by Rails::WelcomeController#index as HTML
  Rendering /Users/ujwala/.rbenv/versions/2.7.0-dev/lib/ruby/gems/3.2.0+2/gems/railties-7.0.3.1/lib/rails/templates/rails/welcome/index.html.erb
  Rendered /Users/ujwala/.rbenv/versions/2.7.0-dev/lib/ruby/gems/3.2.0+2/gems/railties-7.0.3.1/lib/rails/templates/rails/welcome/index.html.erb (Duration: 4.2ms | Allocations: 586)
Completed 200 OK in 41ms (Views: 14.5ms | ActiveRecord: 0.0ms | Allocations: 4578)


Started GET "/" for ::1 at 2022-08-05 12:24:25 +0530
  [1m[35m (0.8ms)[0m  [1m[34mSELECT sqlite_version(*)[0m
Processing by Rails::WelcomeController#index as HTML
  Rendering /Users/ujwala/.rbenv/versions/2.7.0-dev/lib/ruby/gems/3.2.0+2/gems/railties-7.0.3.1/lib/rails/templates/rails/welcome/index.html.erb
  Rendered /Users/ujwala/.rbenv/versions/2.7.0-dev/lib/ruby/gems/3.2.0+2/gems/railties-7.0.3.1/lib/rails/templates/rails/welcome/index.html.erb (Duration: 1.7ms | Allocations: 478)
Completed 200 OK in 12ms (Views: 4.7ms | ActiveRecord: 0.0ms | Allocations: 3249)


Started GET "/" for ::1 at 2022-08-05 12:25:24 +0530
  [1m[35m (2.2ms)[0m  [1m[34mSELECT sqlite_version(*)[0m
Processing by Rails::WelcomeController#index as HTML
  Rendering /Users/ujwala/.rbenv/versions/2.7.0-dev/lib/ruby/gems/3.2.0+2/gems/railties-7.0.3.1/lib/rails/templates/rails/welcome/index.html.erb
  Rendered /Users/ujwala/.rbenv/versions/2.7.0-dev/lib/ruby/gems/3.2.0+2/gems/railties-7.0.3.1/lib/rails/templates/rails/welcome/index.html.erb (Duration: 2.4ms | Allocations: 478)
Completed 200 OK in 18ms (Views: 7.9ms | ActiveRecord: 0.0ms | Allocations: 3249)


Started GET "/" for ::1 at 2022-08-05 12:31:31 +0530
  [1m[35m (1.7ms)[0m  [1m[34mSELECT sqlite_version(*)[0m
Processing by WelcomeController#code as HTML
  Rendering layout layouts/application.html.erb
  Rendering welcome/code.html.erb within layouts/application
  Rendered welcome/code.html.erb within layouts/application (Duration: 2.0ms | Allocations: 289)
  Rendered layout layouts/application.html.erb (Duration: 2094.7ms | Allocations: 70106)
Completed 200 OK in 2114ms (Views: 2102.2ms | ActiveRecord: 0.0ms | Allocations: 73035)


Started GET "/" for ::1 at 2022-08-05 12:33:47 +0530
  [1m[35m (1.8ms)[0m  [1m[34mSELECT sqlite_version(*)[0m
Processing by WelcomeController#code as HTML
  Rendering layout layouts/application.html.erb
  Rendering welcome/code.html.erb within layouts/application
  Rendered welcome/code.html.erb within layouts/application (Duration: 1.6ms | Allocations: 299)
  Rendered layout layouts/application.html.erb (Duration: 114.7ms | Allocations: 21356)
Completed 200 OK in 132ms (Views: 121.7ms | ActiveRecord: 0.0ms | Allocations: 24286)


Started GET "/" for ::1 at 2022-08-05 12:34:02 +0530
Processing by WelcomeController#code as HTML
  Rendering layout layouts/application.html.erb
  Rendering welcome/code.html.erb within layouts/application
  Rendered welcome/code.html.erb within layouts/application (Duration: 0.6ms | Allocations: 120)
  Rendered layout layouts/application.html.erb (Duration: 4.0ms | Allocations: 1527)
Completed 200 OK in 8ms (Views: 6.5ms | ActiveRecord: 0.0ms | Allocations: 2250)


Started GET "/" for ::1 at 2022-08-05 12:37:02 +0530
Processing by WelcomeController#code as HTML
  Rendering layout layouts/application.html.erb
  Rendering welcome/code.html.erb within layouts/application
  Rendered welcome/code.html.erb within layouts/application (Duration: 2.5ms | Allocations: 127)
  Rendered layout layouts/application.html.erb (Duration: 16.2ms | Allocations: 1533)
Completed 200 OK in 34ms (Views: 28.2ms | ActiveRecord: 0.0ms | Allocations: 2257)


